{"message":"Hello again distributed logs","level":"info","service":"user-service"}
{"message":"Hello again distributed logs","level":"info","service":"user-service"}
{"message":"Hello again distributed logs","level":"info","service":"user-service"}
{"message":"Hello again distributed logs","level":"info","service":"user-service"}
{"service":"user-service","level":"error","message":" API-RESPONSE ERROR CATCH BLOCK :: "}
{"message":"Hello again distributed logs","level":"info","service":"user-service"}
{"service":"user-service","level":"error","message":" API-RESPONSE ERROR CATCH BLOCK :: "}
{"message":"Hello again distributed logs","level":"info","service":"user-service"}
{"service":"user-service","level":"error","message":" API-RESPONSE ERROR CATCH BLOCK :: "}
{"message":"Hello again distributed logs","level":"info","service":"user-service"}
{"service":"user-service","level":"error","message":"Error occured :: "}
{"service":"user-service","level":"error","message":" API-RESPONSE ERROR CATCH BLOCK :: "}
{"message":"Hello again distributed logs","level":"info","service":"user-service"}
{"service":"user-service","level":"error","message":" API-RESPONSE ERROR CATCH BLOCK :: "}
{"service":"user-service","level":"error","message":"Error occured :: "}
{"message":"Hello again distributed logs","level":"info","service":"user-service"}
{"service":"user-service","level":"error","message":"Error occured :: "}
{"message":"Hello again distributed logs","level":"info","service":"user-service"}
{"service":"user-service","level":"error","message":"Error occured :: "}
{"message":"Hello again distributed logs","level":"info","service":"user-service"}
{"message":"Hello again distributed logs","level":"info","service":"user-service"}
{"message":"Hello again distributed logs","level":"info","service":"user-service"}
{"message":"Hello again distributed logs","level":"info","service":"user-service"}
{"message":"Hello again distributed logs","level":"info","service":"user-service"}
{"message":"Hello again distributed logs","level":"info","service":"user-service"}
{"service":"user-service","level":"info","message":"matric response %s"}
{"service":"user-service","level":"info","message":"matric response %s"}
{"service":"user-service","level":"info","message":"matric response %s"}
{"message":"Hello again distributed logs","level":"info","service":"user-service"}
{"message":"Hello again distributed logs","level":"info","service":"user-service"}
{"message":"Hello again distributed logs","level":"info","service":"user-service"}
{"service":"user-service","level":"info","message":"test"}
{"message":"Hello again distributed logs","level":"info","service":"user-service"}
{"service":"user-service","level":"info","message":"matric response {\"login\":\"yrathore2308\",\"id\":71073581,\"node_id\":\"MDQ6VXNlcjcxMDczNTgx\",\"avatar_url\":\"https://avatars.githubusercontent.com/u/71073581?v=4\",\"gravatar_id\":\"\",\"url\":\"https://api.github.com/users/yrathore2308\",\"html_url\":\"https://github.com/yrathore2308\",\"followers_url\":\"https://api.github.com/users/yrathore2308/followers\",\"following_url\":\"https://api.github.com/users/yrathore2308/following{/other_user}\",\"gists_url\":\"https://api.github.com/users/yrathore2308/gists{/gist_id}\",\"starred_url\":\"https://api.github.com/users/yrathore2308/starred{/owner}{/repo}\",\"subscriptions_url\":\"https://api.github.com/users/yrathore2308/subscriptions\",\"organizations_url\":\"https://api.github.com/users/yrathore2308/orgs\",\"repos_url\":\"https://api.github.com/users/yrathore2308/repos\",\"events_url\":\"https://api.github.com/users/yrathore2308/events{/privacy}\",\"received_events_url\":\"https://api.github.com/users/yrathore2308/received_events\",\"type\":\"User\",\"site_admin\":false,\"name\":null,\"company\":null,\"blog\":\"\",\"location\":null,\"email\":null,\"hireable\":null,\"bio\":null,\"twitter_username\":null,\"public_repos\":4,\"public_gists\":0,\"followers\":0,\"following\":0,\"created_at\":\"2020-09-10T10:33:51Z\",\"updated_at\":\"2021-03-24T09:01:43Z\"}"}
{"service":"user-service","level":"info","message":"matric response {\n  login: 'yrathore2308',\n  id: 71073581,\n  node_id: 'MDQ6VXNlcjcxMDczNTgx',\n  avatar_url: 'https://avatars.githubusercontent.com/u/71073581?v=4',\n  gravatar_id: '',\n  url: 'https://api.github.com/users/yrathore2308',\n  html_url: 'https://github.com/yrathore2308',\n  followers_url: 'https://api.github.com/users/yrathore2308/followers',\n  following_url: 'https://api.github.com/users/yrathore2308/following{/other_user}',\n  gists_url: 'https://api.github.com/users/yrathore2308/gists{/gist_id}',\n  starred_url: 'https://api.github.com/users/yrathore2308/starred{/owner}{/repo}',\n  subscriptions_url: 'https://api.github.com/users/yrathore2308/subscriptions',\n  organizations_url: 'https://api.github.com/users/yrathore2308/orgs',\n  repos_url: 'https://api.github.com/users/yrathore2308/repos',\n  events_url: 'https://api.github.com/users/yrathore2308/events{/privacy}',\n  received_events_url: 'https://api.github.com/users/yrathore2308/received_events',\n  type: 'User',\n  site_admin: false,\n  name: null,\n  company: null,\n  blog: '',\n  location: null,\n  email: null,\n  hireable: null,\n  bio: null,\n  twitter_username: null,\n  public_repos: 4,\n  public_gists: 0,\n  followers: 0,\n  following: 0,\n  created_at: '2020-09-10T10:33:51Z',\n  updated_at: '2021-03-24T09:01:43Z'\n}"}
